<?xml version="1.0" encoding="UTF-8"?>
<!-- Generated by org.testng.reporters.JUnitReportReporter -->
<testsuite skipped="0" hostname="kevin7" name="ticketBooking.PHPtravelsLogin" tests="1" failures="0" timestamp="13 Jun 2018 18:13:09 GMT" time="44.529" errors="0">
  <testcase name="loginTo" time="44.529" classname="ticketBooking.PHPtravelsLogin"/>
</testsuite> <!-- ticketBooking.PHPtravelsLogin -->
